This file contains any messages produced by compilers while
running configure, to aid debugging if configure makes a mistake.

It was created by configure, which was
generated by GNU Autoconf 2.69.  Invocation command line was

  $ ./configure 

## --------- ##
## Platform. ##
## --------- ##

hostname = thefoundry
uname -m = amd64
uname -r = 10.3-RELEASE-p4
uname -s = FreeBSD
uname -v = FreeBSD 10.3-RELEASE-p4 #0: Sat May 28 12:23:44 UTC 2016     root@amd64-builder.daemonology.net:/usr/obj/usr/src/sys/GENERIC 

/usr/bin/uname -p = amd64
/bin/uname -X     = unknown

/bin/arch              = unknown
/usr/bin/arch -k       = unknown
/usr/convex/getsysinfo = unknown
/usr/bin/hostinfo      = unknown
/bin/machine           = unknown
/usr/bin/oslevel       = unknown
/bin/universe          = unknown

PATH: /sbin
PATH: /bin
PATH: /usr/sbin
PATH: /usr/bin
PATH: /usr/games
PATH: /usr/local/sbin
PATH: /usr/local/bin
PATH: /home/mveety/bin
PATH: /home/mveety/front9port/bin
PATH: /home/mveety/front9port/bin


## ----------- ##
## Core tests. ##
## ----------- ##

configure:2225: checking build system type
configure:2239: result: x86_64-unknown-freebsd10.3
configure:2259: checking host system type
configure:2272: result: x86_64-unknown-freebsd10.3
configure:2349: checking for gcc
configure:2365: found /usr/local/bin/gcc
configure:2376: result: gcc
configure:2605: checking for C compiler version
configure:2614: gcc --version >&5
gcc (FreeBSD Ports Collection) 4.9.4
Copyright (C) 2015 Free Software Foundation, Inc.
This is free software; see the source for copying conditions.  There is NO
warranty; not even for MERCHANTABILITY or FITNESS FOR A PARTICULAR PURPOSE.

configure:2625: $? = 0
configure:2614: gcc -v >&5
Using built-in specs.
COLLECT_GCC=gcc
COLLECT_LTO_WRAPPER=/usr/local/libexec/gcc49/gcc/x86_64-portbld-freebsd10.3/4.9.4/lto-wrapper
Target: x86_64-portbld-freebsd10.3
Configured with: /wrkdirs/usr/ports/lang/gcc/work/gcc-4.9.4/configure --disable-bootstrap --disable-nls --enable-gnu-indirect-function --libdir=/usr/local/lib/gcc49 --libexecdir=/usr/local/libexec/gcc49 --program-suffix=49 --with-as=/usr/local/bin/as --with-gmp=/usr/local --with-gxx-include-dir=/usr/local/lib/gcc49/include/c++/ --with-ld=/usr/local/bin/ld --with-pkgversion='FreeBSD Ports Collection' --with-system-zlib --with-ecj-jar=/usr/local/share/java/ecj-4.5.jar --enable-languages=c,c++,objc,fortran,java --prefix=/usr/local --localstatedir=/var --mandir=/usr/local/man --infodir=/usr/local/info/gcc49 --build=x86_64-portbld-freebsd10.3
Thread model: posix
gcc version 4.9.4 (FreeBSD Ports Collection) 
configure:2625: $? = 0
configure:2614: gcc -V >&5
gcc: error: unrecognized command line option '-V'
gcc: fatal error: no input files
compilation terminated.
configure:2625: $? = 1
configure:2614: gcc -qversion >&5
gcc: error: unrecognized command line option '-qversion'
gcc: fatal error: no input files
compilation terminated.
configure:2625: $? = 1
configure:2645: checking whether the C compiler works
configure:2667: gcc    conftest.c  >&5
configure:2671: $? = 0
configure:2719: result: yes
configure:2722: checking for C compiler default output file name
configure:2724: result: a.out
configure:2730: checking for suffix of executables
configure:2737: gcc -o conftest    conftest.c  >&5
configure:2741: $? = 0
configure:2763: result: 
configure:2785: checking whether we are cross compiling
configure:2793: gcc -o conftest    conftest.c  >&5
configure:2797: $? = 0
configure:2804: ./conftest
configure:2808: $? = 0
configure:2823: result: no
configure:2828: checking for suffix of object files
configure:2850: gcc -c   conftest.c >&5
configure:2854: $? = 0
configure:2875: result: o
configure:2879: checking whether we are using the GNU C compiler
configure:2898: gcc -c   conftest.c >&5
configure:2898: $? = 0
configure:2907: result: yes
configure:2916: checking whether gcc accepts -g
configure:2936: gcc -c -g  conftest.c >&5
configure:2936: $? = 0
configure:2977: result: yes
configure:2994: checking for gcc option to accept ISO C89
configure:3057: gcc  -c -g -O2  conftest.c >&5
configure:3057: $? = 0
configure:3070: result: none needed
configure:3104: checking for a BSD-compatible install
configure:3172: result: /usr/bin/install -c
configure:3183: checking for a thread-safe mkdir -p
configure:3222: result: ./install-sh -c -d
configure:3229: checking for bison
configure:3259: result: no
configure:3229: checking for byacc
configure:3245: found /usr/bin/byacc
configure:3256: result: byacc
configure:3270: checking for /dev/fd filesystem
configure:3277: result: yes
configure:3284: checking whether #! works in shell scripts
configure:3301: result: yes
configure:3314: checking for getpwuid in -lsun
configure:3339: gcc -o conftest -g -O2   conftest.c -lsun   >&5
/usr/local/bin/ld: cannot find -lsun
collect2: error: ld returned 1 exit status
configure:3339: $? = 1
configure: failed program was:
| /* confdefs.h */
| #define PACKAGE_NAME ""
| #define PACKAGE_TARNAME ""
| #define PACKAGE_VERSION ""
| #define PACKAGE_STRING ""
| #define PACKAGE_BUGREPORT ""
| #define PACKAGE_URL ""
| #define HAVE_DEV_FD 1
| #define KERNEL_POUNDBANG 1
| /* end confdefs.h.  */
| 
| /* Override any GCC internal prototype to avoid an error.
|    Use char because int might match the return type of a GCC
|    builtin and then its argument prototype would still apply.  */
| #ifdef __cplusplus
| extern "C"
| #endif
| char getpwuid ();
| int
| main ()
| {
| return getpwuid ();
|   ;
|   return 0;
| }
configure:3348: result: no
configure:3362: checking for main in -lterminfo
configure:3381: gcc -o conftest -g -O2   conftest.c -lterminfo   >&5
/usr/local/bin/ld: cannot find -lterminfo
collect2: error: ld returned 1 exit status
configure:3381: $? = 1
configure: failed program was:
| /* confdefs.h */
| #define PACKAGE_NAME ""
| #define PACKAGE_TARNAME ""
| #define PACKAGE_VERSION ""
| #define PACKAGE_STRING ""
| #define PACKAGE_BUGREPORT ""
| #define PACKAGE_URL ""
| #define HAVE_DEV_FD 1
| #define KERNEL_POUNDBANG 1
| /* end confdefs.h.  */
| 
| 
| int
| main ()
| {
| return main ();
|   ;
|   return 0;
| }
configure:3390: result: no
configure:3401: checking for main in -ltermcap
configure:3420: gcc -o conftest -g -O2   conftest.c -ltermcap   >&5
configure:3420: $? = 0
configure:3429: result: yes
configure:3442: checking for readline in -lreadline
configure:3467: gcc -o conftest -g -O2   conftest.c -lreadline  -ltermcap  >&5
configure:3467: $? = 0
configure:3476: result: yes
configure:3542: checking for dirent.h that defines DIR
configure:3561: gcc -c -g -O2  conftest.c >&5
configure:3561: $? = 0
configure:3569: result: yes
configure:3582: checking for library containing opendir
configure:3613: gcc -o conftest -g -O2   conftest.c -lreadline -ltermcap  >&5
configure:3613: $? = 0
configure:3630: result: none required
configure:3702: checking how to run the C preprocessor
configure:3733: gcc -E  conftest.c
configure:3733: $? = 0
configure:3747: gcc -E  conftest.c
conftest.c:14:28: fatal error: ac_nonexistent.h: No such file or directory
 #include <ac_nonexistent.h>
                            ^
compilation terminated.
configure:3747: $? = 1
configure: failed program was:
| /* confdefs.h */
| #define PACKAGE_NAME ""
| #define PACKAGE_TARNAME ""
| #define PACKAGE_VERSION ""
| #define PACKAGE_STRING ""
| #define PACKAGE_BUGREPORT ""
| #define PACKAGE_URL ""
| #define HAVE_DEV_FD 1
| #define KERNEL_POUNDBANG 1
| #define HAVE_LIBTERMCAP 1
| #define HAVE_LIBREADLINE 1
| #define HAVE_DIRENT_H 1
| /* end confdefs.h.  */
| #include <ac_nonexistent.h>
configure:3772: result: gcc -E
configure:3792: gcc -E  conftest.c
configure:3792: $? = 0
configure:3806: gcc -E  conftest.c
conftest.c:14:28: fatal error: ac_nonexistent.h: No such file or directory
 #include <ac_nonexistent.h>
                            ^
compilation terminated.
configure:3806: $? = 1
configure: failed program was:
| /* confdefs.h */
| #define PACKAGE_NAME ""
| #define PACKAGE_TARNAME ""
| #define PACKAGE_VERSION ""
| #define PACKAGE_STRING ""
| #define PACKAGE_BUGREPORT ""
| #define PACKAGE_URL ""
| #define HAVE_DEV_FD 1
| #define KERNEL_POUNDBANG 1
| #define HAVE_LIBTERMCAP 1
| #define HAVE_LIBREADLINE 1
| #define HAVE_DIRENT_H 1
| /* end confdefs.h.  */
| #include <ac_nonexistent.h>
configure:3835: checking for grep that handles long lines and -e
configure:3893: result: /usr/bin/grep
configure:3898: checking for egrep
configure:3960: result: /usr/bin/grep -E
configure:3965: checking for ANSI C header files
configure:3985: gcc -c -g -O2  conftest.c >&5
configure:3985: $? = 0
configure:4058: gcc -o conftest -g -O2   conftest.c -lreadline -ltermcap  >&5
configure:4058: $? = 0
configure:4058: ./conftest
configure:4058: $? = 0
configure:4069: result: yes
configure:4077: checking for sys/wait.h that is POSIX.1 compatible
configure:4103: gcc -c -g -O2  conftest.c >&5
configure:4103: $? = 0
configure:4110: result: yes
configure:4123: checking for sys/types.h
configure:4123: gcc -c -g -O2  conftest.c >&5
configure:4123: $? = 0
configure:4123: result: yes
configure:4123: checking for sys/stat.h
configure:4123: gcc -c -g -O2  conftest.c >&5
configure:4123: $? = 0
configure:4123: result: yes
configure:4123: checking for stdlib.h
configure:4123: gcc -c -g -O2  conftest.c >&5
configure:4123: $? = 0
configure:4123: result: yes
configure:4123: checking for string.h
configure:4123: gcc -c -g -O2  conftest.c >&5
configure:4123: $? = 0
configure:4123: result: yes
configure:4123: checking for memory.h
configure:4123: gcc -c -g -O2  conftest.c >&5
configure:4123: $? = 0
configure:4123: result: yes
configure:4123: checking for strings.h
configure:4123: gcc -c -g -O2  conftest.c >&5
configure:4123: $? = 0
configure:4123: result: yes
configure:4123: checking for inttypes.h
configure:4123: gcc -c -g -O2  conftest.c >&5
configure:4123: $? = 0
configure:4123: result: yes
configure:4123: checking for stdint.h
configure:4123: gcc -c -g -O2  conftest.c >&5
configure:4123: $? = 0
configure:4123: result: yes
configure:4123: checking for unistd.h
configure:4123: gcc -c -g -O2  conftest.c >&5
configure:4123: $? = 0
configure:4123: result: yes
configure:4138: checking fcntl.h usability
configure:4138: gcc -c -g -O2  conftest.c >&5
configure:4138: $? = 0
configure:4138: result: yes
configure:4138: checking fcntl.h presence
configure:4138: gcc -E  conftest.c
configure:4138: $? = 0
configure:4138: result: yes
configure:4138: checking for fcntl.h
configure:4138: result: yes
configure:4138: checking limits.h usability
configure:4138: gcc -c -g -O2  conftest.c >&5
configure:4138: $? = 0
configure:4138: result: yes
configure:4138: checking limits.h presence
configure:4138: gcc -E  conftest.c
configure:4138: $? = 0
configure:4138: result: yes
configure:4138: checking for limits.h
configure:4138: result: yes
configure:4138: checking sys/ioctl.h usability
configure:4138: gcc -c -g -O2  conftest.c >&5
configure:4138: $? = 0
configure:4138: result: yes
configure:4138: checking sys/ioctl.h presence
configure:4138: gcc -E  conftest.c
configure:4138: $? = 0
configure:4138: result: yes
configure:4138: checking for sys/ioctl.h
configure:4138: result: yes
configure:4138: checking sys/time.h usability
configure:4138: gcc -c -g -O2  conftest.c >&5
configure:4138: $? = 0
configure:4138: result: yes
configure:4138: checking sys/time.h presence
configure:4138: gcc -E  conftest.c
configure:4138: $? = 0
configure:4138: result: yes
configure:4138: checking for sys/time.h
configure:4138: result: yes
configure:4138: checking for unistd.h
configure:4138: result: yes
configure:4138: checking for memory.h
configure:4138: result: yes
configure:4138: checking stdarg.h usability
configure:4138: gcc -c -g -O2  conftest.c >&5
configure:4138: $? = 0
configure:4138: result: yes
configure:4138: checking stdarg.h presence
configure:4138: gcc -E  conftest.c
configure:4138: $? = 0
configure:4138: result: yes
configure:4138: checking for stdarg.h
configure:4138: result: yes
configure:4138: checking sys/cdefs.h usability
configure:4138: gcc -c -g -O2  conftest.c >&5
configure:4138: $? = 0
configure:4138: result: yes
configure:4138: checking sys/cdefs.h presence
configure:4138: gcc -E  conftest.c
configure:4138: $? = 0
configure:4138: result: yes
configure:4138: checking for sys/cdefs.h
configure:4138: result: yes
configure:4150: checking for an ANSI C-conforming const
configure:4216: gcc -c -g -O2  conftest.c >&5
configure:4216: $? = 0
configure:4223: result: yes
configure:4231: checking for uid_t in sys/types.h
configure:4250: result: yes
configure:4261: checking for size_t
configure:4261: gcc -c -g -O2  conftest.c >&5
configure:4261: $? = 0
configure:4261: gcc -c -g -O2  conftest.c >&5
conftest.c: In function 'main':
conftest.c:69:21: error: expected expression before ')' token
 if (sizeof ((size_t)))
                     ^
configure:4261: $? = 1
configure: failed program was:
| /* confdefs.h */
| #define PACKAGE_NAME ""
| #define PACKAGE_TARNAME ""
| #define PACKAGE_VERSION ""
| #define PACKAGE_STRING ""
| #define PACKAGE_BUGREPORT ""
| #define PACKAGE_URL ""
| #define HAVE_DEV_FD 1
| #define KERNEL_POUNDBANG 1
| #define HAVE_LIBTERMCAP 1
| #define HAVE_LIBREADLINE 1
| #define HAVE_DIRENT_H 1
| #define STDC_HEADERS 1
| #define HAVE_SYS_WAIT_H 1
| #define HAVE_SYS_TYPES_H 1
| #define HAVE_SYS_STAT_H 1
| #define HAVE_STDLIB_H 1
| #define HAVE_STRING_H 1
| #define HAVE_MEMORY_H 1
| #define HAVE_STRINGS_H 1
| #define HAVE_INTTYPES_H 1
| #define HAVE_STDINT_H 1
| #define HAVE_UNISTD_H 1
| #define HAVE_FCNTL_H 1
| #define HAVE_LIMITS_H 1
| #define HAVE_SYS_IOCTL_H 1
| #define HAVE_SYS_TIME_H 1
| #define HAVE_UNISTD_H 1
| #define HAVE_MEMORY_H 1
| #define HAVE_STDARG_H 1
| #define HAVE_SYS_CDEFS_H 1
| /* end confdefs.h.  */
| #include <stdio.h>
| #ifdef HAVE_SYS_TYPES_H
| # include <sys/types.h>
| #endif
| #ifdef HAVE_SYS_STAT_H
| # include <sys/stat.h>
| #endif
| #ifdef STDC_HEADERS
| # include <stdlib.h>
| # include <stddef.h>
| #else
| # ifdef HAVE_STDLIB_H
| #  include <stdlib.h>
| # endif
| #endif
| #ifdef HAVE_STRING_H
| # if !defined STDC_HEADERS && defined HAVE_MEMORY_H
| #  include <memory.h>
| # endif
| # include <string.h>
| #endif
| #ifdef HAVE_STRINGS_H
| # include <strings.h>
| #endif
| #ifdef HAVE_INTTYPES_H
| # include <inttypes.h>
| #endif
| #ifdef HAVE_STDINT_H
| # include <stdint.h>
| #endif
| #ifdef HAVE_UNISTD_H
| # include <unistd.h>
| #endif
| int
| main ()
| {
| if (sizeof ((size_t)))
| 	    return 0;
|   ;
|   return 0;
| }
configure:4261: result: yes
configure:4273: checking type of array argument to getgroups
configure:4307: gcc -o conftest -g -O2   conftest.c -lreadline -ltermcap  >&5
configure:4307: $? = 0
configure:4307: ./conftest
configure:4307: $? = 0
configure:4332: result: gid_t
configure:4341: checking whether gcc needs -traditional
conftest.c:34:19: fatal error: sgtty.h: No such file or directory
 #include <sgtty.h>
                   ^
compilation terminated.
conftest.c:34:20: fatal error: termio.h: No such file or directory
 #include <termio.h>
                    ^
compilation terminated.
configure:4375: result: no
configure:4388: checking for stdlib.h
configure:4388: result: yes
configure:4388: checking for unistd.h
configure:4388: result: yes
configure:4388: checking for sys/param.h
configure:4388: gcc -c -g -O2  conftest.c >&5
configure:4388: $? = 0
configure:4388: result: yes
configure:4408: checking for getpagesize
configure:4408: gcc -o conftest -g -O2   conftest.c -lreadline -ltermcap  >&5
configure:4408: $? = 0
configure:4408: result: yes
configure:4417: checking for working mmap
configure:4564: gcc -o conftest -g -O2   conftest.c -lreadline -ltermcap  >&5
configure:4564: $? = 0
configure:4564: ./conftest
configure:4564: $? = 0
configure:4574: result: yes
configure:4583: checking return type of signal handlers
configure:4601: gcc -c -g -O2  conftest.c >&5
conftest.c: In function 'main':
conftest.c:45:1: error: void value not ignored as it ought to be
 return *(signal (0, 0)) (0) == 1;
 ^
configure:4601: $? = 1
configure: failed program was:
| /* confdefs.h */
| #define PACKAGE_NAME ""
| #define PACKAGE_TARNAME ""
| #define PACKAGE_VERSION ""
| #define PACKAGE_STRING ""
| #define PACKAGE_BUGREPORT ""
| #define PACKAGE_URL ""
| #define HAVE_DEV_FD 1
| #define KERNEL_POUNDBANG 1
| #define HAVE_LIBTERMCAP 1
| #define HAVE_LIBREADLINE 1
| #define HAVE_DIRENT_H 1
| #define STDC_HEADERS 1
| #define HAVE_SYS_WAIT_H 1
| #define HAVE_SYS_TYPES_H 1
| #define HAVE_SYS_STAT_H 1
| #define HAVE_STDLIB_H 1
| #define HAVE_STRING_H 1
| #define HAVE_MEMORY_H 1
| #define HAVE_STRINGS_H 1
| #define HAVE_INTTYPES_H 1
| #define HAVE_STDINT_H 1
| #define HAVE_UNISTD_H 1
| #define HAVE_FCNTL_H 1
| #define HAVE_LIMITS_H 1
| #define HAVE_SYS_IOCTL_H 1
| #define HAVE_SYS_TIME_H 1
| #define HAVE_UNISTD_H 1
| #define HAVE_MEMORY_H 1
| #define HAVE_STDARG_H 1
| #define HAVE_SYS_CDEFS_H 1
| #define GETGROUPS_T gid_t
| #define HAVE_STDLIB_H 1
| #define HAVE_UNISTD_H 1
| #define HAVE_SYS_PARAM_H 1
| #define HAVE_GETPAGESIZE 1
| #define HAVE_MMAP 1
| /* end confdefs.h.  */
| #include <sys/types.h>
| #include <signal.h>
| 
| int
| main ()
| {
| return *(signal (0, 0)) (0) == 1;
|   ;
|   return 0;
| }
configure:4608: result: void
configure:4623: checking for wait3 that fills in rusage
configure:4669: gcc -o conftest -g -O2   conftest.c -lreadline -ltermcap  >&5
configure:4669: $? = 0
configure:4669: ./conftest
configure:4669: $? = 0
configure:4679: result: yes
configure:4691: checking for strerror
configure:4691: gcc -o conftest -g -O2   conftest.c -lreadline -ltermcap  >&5
configure:4691: $? = 0
configure:4691: result: yes
configure:4691: checking for strtol
configure:4691: gcc -o conftest -g -O2   conftest.c -lreadline -ltermcap  >&5
configure:4691: $? = 0
configure:4691: result: yes
configure:4691: checking for lstat
configure:4691: gcc -o conftest -g -O2   conftest.c -lreadline -ltermcap  >&5
configure:4691: $? = 0
configure:4691: result: yes
configure:4691: checking for setrlimit
configure:4691: gcc -o conftest -g -O2   conftest.c -lreadline -ltermcap  >&5
configure:4691: $? = 0
configure:4691: result: yes
configure:4691: checking for sigrelse
configure:4691: gcc -o conftest -g -O2   conftest.c -lreadline -ltermcap  >&5
configure:4691: $? = 0
configure:4691: result: yes
configure:4691: checking for sighold
configure:4691: gcc -o conftest -g -O2   conftest.c -lreadline -ltermcap  >&5
configure:4691: $? = 0
configure:4691: result: yes
configure:4691: checking for sigaction
configure:4691: gcc -o conftest -g -O2   conftest.c -lreadline -ltermcap  >&5
configure:4691: $? = 0
configure:4691: result: yes
configure:4691: checking for sysconf
configure:4691: gcc -o conftest -g -O2   conftest.c -lreadline -ltermcap  >&5
configure:4691: $? = 0
configure:4691: result: yes
configure:4691: checking for setsid
configure:4691: gcc -o conftest -g -O2   conftest.c -lreadline -ltermcap  >&5
configure:4691: $? = 0
configure:4691: result: yes
configure:4691: checking for sigsetjmp
configure:4691: gcc -o conftest -g -O2   conftest.c -lreadline -ltermcap  >&5
configure:4691: $? = 0
configure:4691: result: yes
configure:4701: checking for an abused getenv
configure:4725: gcc -o conftest -g -O2   conftest.c -lreadline -ltermcap  >&5
conftest.c: In function 'main':
conftest.c:59:55: warning: incompatible implicit declaration of built-in function 'exit'
 int main() { while (-1 != getopt(fooc, foov, "ab:")); exit(0); }
                                                       ^
configure:4725: $? = 0
configure:4725: ./conftest
configure:4725: $? = 139
configure: program exited with status 139
configure: failed program was:
| /* confdefs.h */
| #define PACKAGE_NAME ""
| #define PACKAGE_TARNAME ""
| #define PACKAGE_VERSION ""
| #define PACKAGE_STRING ""
| #define PACKAGE_BUGREPORT ""
| #define PACKAGE_URL ""
| #define HAVE_DEV_FD 1
| #define KERNEL_POUNDBANG 1
| #define HAVE_LIBTERMCAP 1
| #define HAVE_LIBREADLINE 1
| #define HAVE_DIRENT_H 1
| #define STDC_HEADERS 1
| #define HAVE_SYS_WAIT_H 1
| #define HAVE_SYS_TYPES_H 1
| #define HAVE_SYS_STAT_H 1
| #define HAVE_STDLIB_H 1
| #define HAVE_STRING_H 1
| #define HAVE_MEMORY_H 1
| #define HAVE_STRINGS_H 1
| #define HAVE_INTTYPES_H 1
| #define HAVE_STDINT_H 1
| #define HAVE_UNISTD_H 1
| #define HAVE_FCNTL_H 1
| #define HAVE_LIMITS_H 1
| #define HAVE_SYS_IOCTL_H 1
| #define HAVE_SYS_TIME_H 1
| #define HAVE_UNISTD_H 1
| #define HAVE_MEMORY_H 1
| #define HAVE_STDARG_H 1
| #define HAVE_SYS_CDEFS_H 1
| #define GETGROUPS_T gid_t
| #define HAVE_STDLIB_H 1
| #define HAVE_UNISTD_H 1
| #define HAVE_SYS_PARAM_H 1
| #define HAVE_GETPAGESIZE 1
| #define HAVE_MMAP 1
| #define RETSIGTYPE void
| #define VOID_SIGNALS 1
| #define HAVE_WAIT3 1
| #define HAVE_STRERROR 1
| #define HAVE_STRTOL 1
| #define HAVE_LSTAT 1
| #define HAVE_SETRLIMIT 1
| #define HAVE_SIGRELSE 1
| #define HAVE_SIGHOLD 1
| #define HAVE_SIGACTION 1
| #define HAVE_SYSCONF 1
| #define HAVE_SETSID 1
| #define HAVE_SIGSETJMP 1
| /* end confdefs.h.  */
| 
| 
| char *foo = 0;
| char *foov[] = { "-a", "-bfoo", "bar" };
| int fooc = (sizeof(foov) / sizeof(foov[0]));
| 
| int getenv() { return *foo; }
| int main() { while (-1 != getopt(fooc, foov, "ab:")); exit(0); }
| 
| 
configure:4737: result: yes
configure:4745: checking whether assignment to va_list ok?
configure:4765: gcc -c -g -O2  conftest.c >&5
conftest.c: In function 'main':
conftest.c:61:30: error: assignment to expression with array type
 va_list first, second; first = second; return 0;
                              ^
configure:4765: $? = 1
configure: failed program was:
| /* confdefs.h */
| #define PACKAGE_NAME ""
| #define PACKAGE_TARNAME ""
| #define PACKAGE_VERSION ""
| #define PACKAGE_STRING ""
| #define PACKAGE_BUGREPORT ""
| #define PACKAGE_URL ""
| #define HAVE_DEV_FD 1
| #define KERNEL_POUNDBANG 1
| #define HAVE_LIBTERMCAP 1
| #define HAVE_LIBREADLINE 1
| #define HAVE_DIRENT_H 1
| #define STDC_HEADERS 1
| #define HAVE_SYS_WAIT_H 1
| #define HAVE_SYS_TYPES_H 1
| #define HAVE_SYS_STAT_H 1
| #define HAVE_STDLIB_H 1
| #define HAVE_STRING_H 1
| #define HAVE_MEMORY_H 1
| #define HAVE_STRINGS_H 1
| #define HAVE_INTTYPES_H 1
| #define HAVE_STDINT_H 1
| #define HAVE_UNISTD_H 1
| #define HAVE_FCNTL_H 1
| #define HAVE_LIMITS_H 1
| #define HAVE_SYS_IOCTL_H 1
| #define HAVE_SYS_TIME_H 1
| #define HAVE_UNISTD_H 1
| #define HAVE_MEMORY_H 1
| #define HAVE_STDARG_H 1
| #define HAVE_SYS_CDEFS_H 1
| #define GETGROUPS_T gid_t
| #define HAVE_STDLIB_H 1
| #define HAVE_UNISTD_H 1
| #define HAVE_SYS_PARAM_H 1
| #define HAVE_GETPAGESIZE 1
| #define HAVE_MMAP 1
| #define RETSIGTYPE void
| #define VOID_SIGNALS 1
| #define HAVE_WAIT3 1
| #define HAVE_STRERROR 1
| #define HAVE_STRTOL 1
| #define HAVE_LSTAT 1
| #define HAVE_SETRLIMIT 1
| #define HAVE_SIGRELSE 1
| #define HAVE_SIGHOLD 1
| #define HAVE_SIGACTION 1
| #define HAVE_SYSCONF 1
| #define HAVE_SETSID 1
| #define HAVE_SIGSETJMP 1
| #define ABUSED_GETENV 1
| /* end confdefs.h.  */
| #ifndef HAVE_STDARG_H
| choke me
| #else
| #include <stdarg.h>
| #endif
| int
| main ()
| {
| va_list first, second; first = second; return 0;
|   ;
|   return 0;
| }
configure:4772: result: no
configure:4780: checking for rlimit type ...
configure:4796: result: rlim_t 
configure:4799: checking for files to extract signal information from
configure:4816: result: /usr/include/machine/_limits.h /usr/include/machine/_types.h /usr/include/machine/signal.h /usr/include/machine/trap.h /usr/include/signal.h /usr/include/sys/_sigset.h /usr/include/sys/_types.h /usr/include/sys/cdefs.h /usr/include/sys/signal.h /usr/include/x86/_limits.h /usr/include/x86/_types.h /usr/include/x86/signal.h /usr/include/x86/trap.h 
configure:4943: creating ./config.status

## ---------------------- ##
## Running config.status. ##
## ---------------------- ##

This file was extended by config.status, which was
generated by GNU Autoconf 2.69.  Invocation command line was

  CONFIG_FILES    = 
  CONFIG_HEADERS  = 
  CONFIG_LINKS    = 
  CONFIG_COMMANDS = 
  $ ./config.status 

on thefoundry

config.status:852: creating Makefile
config.status:852: creating config.h

## ---------------- ##
## Cache variables. ##
## ---------------- ##

ac_cv_build=x86_64-unknown-freebsd10.3
ac_cv_c_compiler_gnu=yes
ac_cv_c_const=yes
ac_cv_env_CC_set=''
ac_cv_env_CC_value=''
ac_cv_env_CFLAGS_set=''
ac_cv_env_CFLAGS_value=''
ac_cv_env_CPPFLAGS_set=''
ac_cv_env_CPPFLAGS_value=''
ac_cv_env_CPP_set=''
ac_cv_env_CPP_value=''
ac_cv_env_LDFLAGS_set=''
ac_cv_env_LDFLAGS_value=''
ac_cv_env_LIBS_set=''
ac_cv_env_LIBS_value=''
ac_cv_env_YACC_set=''
ac_cv_env_YACC_value=''
ac_cv_env_YFLAGS_set=''
ac_cv_env_YFLAGS_value=''
ac_cv_env_build_alias_set=''
ac_cv_env_build_alias_value=''
ac_cv_env_host_alias_set=''
ac_cv_env_host_alias_value=''
ac_cv_env_target_alias_set=''
ac_cv_env_target_alias_value=''
ac_cv_func_getpagesize=yes
ac_cv_func_lstat=yes
ac_cv_func_mmap_fixed_mapped=yes
ac_cv_func_setrlimit=yes
ac_cv_func_setsid=yes
ac_cv_func_sigaction=yes
ac_cv_func_sighold=yes
ac_cv_func_sigrelse=yes
ac_cv_func_sigsetjmp=yes
ac_cv_func_strerror=yes
ac_cv_func_strtol=yes
ac_cv_func_sysconf=yes
ac_cv_func_wait3_rusage=yes
ac_cv_header_dirent_dirent_h=yes
ac_cv_header_fcntl_h=yes
ac_cv_header_inttypes_h=yes
ac_cv_header_limits_h=yes
ac_cv_header_memory_h=yes
ac_cv_header_stdarg_h=yes
ac_cv_header_stdc=yes
ac_cv_header_stdint_h=yes
ac_cv_header_stdlib_h=yes
ac_cv_header_string_h=yes
ac_cv_header_strings_h=yes
ac_cv_header_sys_cdefs_h=yes
ac_cv_header_sys_ioctl_h=yes
ac_cv_header_sys_param_h=yes
ac_cv_header_sys_stat_h=yes
ac_cv_header_sys_time_h=yes
ac_cv_header_sys_types_h=yes
ac_cv_header_sys_wait_h=yes
ac_cv_header_unistd_h=yes
ac_cv_host=x86_64-unknown-freebsd10.3
ac_cv_lib_readline_readline=yes
ac_cv_lib_sun_getpwuid=no
ac_cv_lib_termcap_main=yes
ac_cv_lib_terminfo_main=no
ac_cv_objext=o
ac_cv_path_EGREP='/usr/bin/grep -E'
ac_cv_path_GREP=/usr/bin/grep
ac_cv_path_install='/usr/bin/install -c'
ac_cv_prog_CPP='gcc -E'
ac_cv_prog_YACC=byacc
ac_cv_prog_ac_ct_CC=gcc
ac_cv_prog_cc_c89=''
ac_cv_prog_cc_g=yes
ac_cv_prog_gcc_traditional=no
ac_cv_search_opendir='none required'
ac_cv_sys_interpreter=yes
ac_cv_type_getgroups=gid_t
ac_cv_type_signal=void
ac_cv_type_size_t=yes
ac_cv_type_uid_t=yes
es_cv_abused_getenv=yes
es_cv_assign_va_list=no
es_cv_rlimit_t='rlim_t '
es_cv_sigfiles='/usr/include/machine/_limits.h /usr/include/machine/_types.h /usr/include/machine/signal.h /usr/include/machine/trap.h /usr/include/signal.h /usr/include/sys/_sigset.h /usr/include/sys/_types.h /usr/include/sys/cdefs.h /usr/include/sys/signal.h /usr/include/x86/_limits.h /usr/include/x86/_types.h /usr/include/x86/signal.h /usr/include/x86/trap.h '
es_cv_sys_dev_fd=yes

## ----------------- ##
## Output variables. ##
## ----------------- ##

CC='gcc'
CFLAGS='-g -O2'
CPP='gcc -E'
CPPFLAGS=''
DEFS='-DHAVE_CONFIG_H'
ECHO_C=''
ECHO_N='-n'
ECHO_T=''
EGREP='/usr/bin/grep -E'
EXEEXT=''
GREP='/usr/bin/grep'
INSTALL_DATA='${INSTALL} -m 644'
INSTALL_PROGRAM='${INSTALL}'
INSTALL_SCRIPT='${INSTALL}'
LDFLAGS=''
LIBOBJS=''
LIBS='-lreadline -ltermcap '
LTLIBOBJS=''
MKDIR_P='./install-sh -c -d'
OBJEXT='o'
PACKAGE_BUGREPORT=''
PACKAGE_NAME=''
PACKAGE_STRING=''
PACKAGE_TARNAME=''
PACKAGE_URL=''
PACKAGE_VERSION=''
PATH_SEPARATOR=':'
SHELL='/bin/sh'
SIGFILES='/usr/include/machine/_limits.h /usr/include/machine/_types.h /usr/include/machine/signal.h /usr/include/machine/trap.h /usr/include/signal.h /usr/include/sys/_sigset.h /usr/include/sys/_types.h /usr/include/sys/cdefs.h /usr/include/sys/signal.h /usr/include/x86/_limits.h /usr/include/x86/_types.h /usr/include/x86/signal.h /usr/include/x86/trap.h '
YACC='byacc'
YFLAGS=''
ac_ct_CC='gcc'
bindir='${exec_prefix}/bin'
build='x86_64-unknown-freebsd10.3'
build_alias=''
build_cpu='x86_64'
build_os='freebsd10.3'
build_vendor='unknown'
datadir='${datarootdir}'
datarootdir='${prefix}/share'
docdir='${datarootdir}/doc/${PACKAGE}'
dvidir='${docdir}'
exec_prefix='${prefix}'
host='x86_64-unknown-freebsd10.3'
host_alias=''
host_cpu='x86_64'
host_os='freebsd10.3'
host_vendor='unknown'
htmldir='${docdir}'
includedir='${prefix}/include'
infodir='${datarootdir}/info'
libdir='${exec_prefix}/lib'
libexecdir='${exec_prefix}/libexec'
localedir='${datarootdir}/locale'
localstatedir='${prefix}/var'
mandir='${datarootdir}/man'
oldincludedir='/usr/include'
pdfdir='${docdir}'
prefix='/usr/local'
program_transform_name='s,x,x,'
psdir='${docdir}'
sbindir='${exec_prefix}/sbin'
sharedstatedir='${prefix}/com'
sysconfdir='${prefix}/etc'
target_alias=''

## ----------- ##
## confdefs.h. ##
## ----------- ##

/* confdefs.h */
#define PACKAGE_NAME ""
#define PACKAGE_TARNAME ""
#define PACKAGE_VERSION ""
#define PACKAGE_STRING ""
#define PACKAGE_BUGREPORT ""
#define PACKAGE_URL ""
#define HAVE_DEV_FD 1
#define KERNEL_POUNDBANG 1
#define HAVE_LIBTERMCAP 1
#define HAVE_LIBREADLINE 1
#define HAVE_DIRENT_H 1
#define STDC_HEADERS 1
#define HAVE_SYS_WAIT_H 1
#define HAVE_SYS_TYPES_H 1
#define HAVE_SYS_STAT_H 1
#define HAVE_STDLIB_H 1
#define HAVE_STRING_H 1
#define HAVE_MEMORY_H 1
#define HAVE_STRINGS_H 1
#define HAVE_INTTYPES_H 1
#define HAVE_STDINT_H 1
#define HAVE_UNISTD_H 1
#define HAVE_FCNTL_H 1
#define HAVE_LIMITS_H 1
#define HAVE_SYS_IOCTL_H 1
#define HAVE_SYS_TIME_H 1
#define HAVE_UNISTD_H 1
#define HAVE_MEMORY_H 1
#define HAVE_STDARG_H 1
#define HAVE_SYS_CDEFS_H 1
#define GETGROUPS_T gid_t
#define HAVE_STDLIB_H 1
#define HAVE_UNISTD_H 1
#define HAVE_SYS_PARAM_H 1
#define HAVE_GETPAGESIZE 1
#define HAVE_MMAP 1
#define RETSIGTYPE void
#define VOID_SIGNALS 1
#define HAVE_WAIT3 1
#define HAVE_STRERROR 1
#define HAVE_STRTOL 1
#define HAVE_LSTAT 1
#define HAVE_SETRLIMIT 1
#define HAVE_SIGRELSE 1
#define HAVE_SIGHOLD 1
#define HAVE_SIGACTION 1
#define HAVE_SYSCONF 1
#define HAVE_SETSID 1
#define HAVE_SIGSETJMP 1
#define ABUSED_GETENV 1
#define NO_VA_LIST_ASSIGN 1
#define LIMIT_T rlim_t 

configure: exit 0
